000000000000000000000000000000
000000000000000100000000000000
000000000000001010000000000000
000000000000001010000000000000
000000000000000100000000000000
000000000000000000000000000000
000000000110000000000000000000
000000000110000000000000000000
000000000000000000000000000000
000000000000000000000000000000
000000000000000000000000000000
000000000000000000000000000000
000000000000000000000000000000
000000000000000000000000000000
000000110000000000000000000000
000000110000000000000000000000
000000000000000000000000000000
000000000000000000000000000000
000001000000000000000000000000
000010100000000000000000000000
000001000000000000000000000000
000000000000000000000000000000
000000000000000100000000000000
000000000000001010000000000000
000000000000001010000000001000
000000000000000100000000010100
000011000000000000000000010100
000011000011000000011000001000
000000000100100000100100000000
000000000011000000011000000000
